-------------------------------------------------------------------------------
Test set: com.examly.springapp.SpringappApplicationTests
-------------------------------------------------------------------------------
Tests run: 10, Failures: 0, Errors: 10, Skipped: 0, Time elapsed: 15.169 s <<< FAILURE! - in com.examly.springapp.SpringappApplicationTests
test_case10  Time elapsed: 0.002 s  <<< ERROR!
java.lang.IllegalStateException: Failed to load ApplicationContext
Caused by: org.springframework.beans.factory.BeanCreationException: 
Error creating bean with name 'requestMappingHandlerMapping' defined in class path resource [org/springframework/boot/autoconfigure/web/servlet/WebMvcAutoConfiguration$EnableWebMvcConfiguration.class]: Invocation of init method failed; nested exception is java.lang.IllegalStateException: Ambiguous mapping. Cannot map 'courseController1' method 
com.examly.springapp.controller.CourseController1#createCourse(Course1)
to {POST [/courses]}: There is already 'courseController' bean method
com.examly.springapp.controller.CourseController#createCourse(Course) mapped.
Caused by: java.lang.IllegalStateException: 
Ambiguous mapping. Cannot map 'courseController1' method 
com.examly.springapp.controller.CourseController1#createCourse(Course1)
to {POST [/courses]}: There is already 'courseController' bean method
com.examly.springapp.controller.CourseController#createCourse(Course) mapped.

test_case1  Time elapsed: 0 s  <<< ERROR!
java.lang.IllegalStateException: Failed to load ApplicationContext
Caused by: org.springframework.beans.factory.BeanCreationException: 
Error creating bean with name 'requestMappingHandlerMapping' defined in class path resource [org/springframework/boot/autoconfigure/web/servlet/WebMvcAutoConfiguration$EnableWebMvcConfiguration.class]: Invocation of init method failed; nested exception is java.lang.IllegalStateException: Ambiguous mapping. Cannot map 'courseController1' method 
com.examly.springapp.controller.CourseController1#createCourse(Course1)
to {POST [/courses]}: There is already 'courseController' bean method
com.examly.springapp.controller.CourseController#createCourse(Course) mapped.
Caused by: java.lang.IllegalStateException: 
Ambiguous mapping. Cannot map 'courseController1' method 
com.examly.springapp.controller.CourseController1#createCourse(Course1)
to {POST [/courses]}: There is already 'courseController' bean method
com.examly.springapp.controller.CourseController#createCourse(Course) mapped.

test_case2  Time elapsed: 0.001 s  <<< ERROR!
java.lang.IllegalStateException: Failed to load ApplicationContext
Caused by: org.springframework.beans.factory.BeanCreationException: 
Error creating bean with name 'requestMappingHandlerMapping' defined in class path resource [org/springframework/boot/autoconfigure/web/servlet/WebMvcAutoConfiguration$EnableWebMvcConfiguration.class]: Invocation of init method failed; nested exception is java.lang.IllegalStateException: Ambiguous mapping. Cannot map 'courseController1' method 
com.examly.springapp.controller.CourseController1#createCourse(Course1)
to {POST [/courses]}: There is already 'courseController' bean method
com.examly.springapp.controller.CourseController#createCourse(Course) mapped.
Caused by: java.lang.IllegalStateException: 
Ambiguous mapping. Cannot map 'courseController1' method 
com.examly.springapp.controller.CourseController1#createCourse(Course1)
to {POST [/courses]}: There is already 'courseController' bean method
com.examly.springapp.controller.CourseController#createCourse(Course) mapped.

test_case3  Time elapsed: 0.001 s  <<< ERROR!
java.lang.IllegalStateException: Failed to load ApplicationContext
Caused by: org.springframework.beans.factory.BeanCreationException: 
Error creating bean with name 'requestMappingHandlerMapping' defined in class path resource [org/springframework/boot/autoconfigure/web/servlet/WebMvcAutoConfiguration$EnableWebMvcConfiguration.class]: Invocation of init method failed; nested exception is java.lang.IllegalStateException: Ambiguous mapping. Cannot map 'courseController1' method 
com.examly.springapp.controller.CourseController1#createCourse(Course1)
to {POST [/courses]}: There is already 'courseController' bean method
com.examly.springapp.controller.CourseController#createCourse(Course) mapped.
Caused by: java.lang.IllegalStateException: 
Ambiguous mapping. Cannot map 'courseController1' method 
com.examly.springapp.controller.CourseController1#createCourse(Course1)
to {POST [/courses]}: There is already 'courseController' bean method
com.examly.springapp.controller.CourseController#createCourse(Course) mapped.

test_case4  Time elapsed: 0 s  <<< ERROR!
java.lang.IllegalStateException: Failed to load ApplicationContext
Caused by: org.springframework.beans.factory.BeanCreationException: 
Error creating bean with name 'requestMappingHandlerMapping' defined in class path resource [org/springframework/boot/autoconfigure/web/servlet/WebMvcAutoConfiguration$EnableWebMvcConfiguration.class]: Invocation of init method failed; nested exception is java.lang.IllegalStateException: Ambiguous mapping. Cannot map 'courseController1' method 
com.examly.springapp.controller.CourseController1#createCourse(Course1)
to {POST [/courses]}: There is already 'courseController' bean method
com.examly.springapp.controller.CourseController#createCourse(Course) mapped.
Caused by: java.lang.IllegalStateException: 
Ambiguous mapping. Cannot map 'courseController1' method 
com.examly.springapp.controller.CourseController1#createCourse(Course1)
to {POST [/courses]}: There is already 'courseController' bean method
com.examly.springapp.controller.CourseController#createCourse(Course) mapped.

test_case5  Time elapsed: 0.001 s  <<< ERROR!
java.lang.IllegalStateException: Failed to load ApplicationContext
Caused by: org.springframework.beans.factory.BeanCreationException: 
Error creating bean with name 'requestMappingHandlerMapping' defined in class path resource [org/springframework/boot/autoconfigure/web/servlet/WebMvcAutoConfiguration$EnableWebMvcConfiguration.class]: Invocation of init method failed; nested exception is java.lang.IllegalStateException: Ambiguous mapping. Cannot map 'courseController1' method 
com.examly.springapp.controller.CourseController1#createCourse(Course1)
to {POST [/courses]}: There is already 'courseController' bean method
com.examly.springapp.controller.CourseController#createCourse(Course) mapped.
Caused by: java.lang.IllegalStateException: 
Ambiguous mapping. Cannot map 'courseController1' method 
com.examly.springapp.controller.CourseController1#createCourse(Course1)
to {POST [/courses]}: There is already 'courseController' bean method
com.examly.springapp.controller.CourseController#createCourse(Course) mapped.

test_case6  Time elapsed: 0.001 s  <<< ERROR!
java.lang.IllegalStateException: Failed to load ApplicationContext
Caused by: org.springframework.beans.factory.BeanCreationException: 
Error creating bean with name 'requestMappingHandlerMapping' defined in class path resource [org/springframework/boot/autoconfigure/web/servlet/WebMvcAutoConfiguration$EnableWebMvcConfiguration.class]: Invocation of init method failed; nested exception is java.lang.IllegalStateException: Ambiguous mapping. Cannot map 'courseController1' method 
com.examly.springapp.controller.CourseController1#createCourse(Course1)
to {POST [/courses]}: There is already 'courseController' bean method
com.examly.springapp.controller.CourseController#createCourse(Course) mapped.
Caused by: java.lang.IllegalStateException: 
Ambiguous mapping. Cannot map 'courseController1' method 
com.examly.springapp.controller.CourseController1#createCourse(Course1)
to {POST [/courses]}: There is already 'courseController' bean method
com.examly.springapp.controller.CourseController#createCourse(Course) mapped.

test_case7  Time elapsed: 0.001 s  <<< ERROR!
java.lang.IllegalStateException: Failed to load ApplicationContext
Caused by: org.springframework.beans.factory.BeanCreationException: 
Error creating bean with name 'requestMappingHandlerMapping' defined in class path resource [org/springframework/boot/autoconfigure/web/servlet/WebMvcAutoConfiguration$EnableWebMvcConfiguration.class]: Invocation of init method failed; nested exception is java.lang.IllegalStateException: Ambiguous mapping. Cannot map 'courseController1' method 
com.examly.springapp.controller.CourseController1#createCourse(Course1)
to {POST [/courses]}: There is already 'courseController' bean method
com.examly.springapp.controller.CourseController#createCourse(Course) mapped.
Caused by: java.lang.IllegalStateException: 
Ambiguous mapping. Cannot map 'courseController1' method 
com.examly.springapp.controller.CourseController1#createCourse(Course1)
to {POST [/courses]}: There is already 'courseController' bean method
com.examly.springapp.controller.CourseController#createCourse(Course) mapped.

test_case8  Time elapsed: 0 s  <<< ERROR!
java.lang.IllegalStateException: Failed to load ApplicationContext
Caused by: org.springframework.beans.factory.BeanCreationException: 
Error creating bean with name 'requestMappingHandlerMapping' defined in class path resource [org/springframework/boot/autoconfigure/web/servlet/WebMvcAutoConfiguration$EnableWebMvcConfiguration.class]: Invocation of init method failed; nested exception is java.lang.IllegalStateException: Ambiguous mapping. Cannot map 'courseController1' method 
com.examly.springapp.controller.CourseController1#createCourse(Course1)
to {POST [/courses]}: There is already 'courseController' bean method
com.examly.springapp.controller.CourseController#createCourse(Course) mapped.
Caused by: java.lang.IllegalStateException: 
Ambiguous mapping. Cannot map 'courseController1' method 
com.examly.springapp.controller.CourseController1#createCourse(Course1)
to {POST [/courses]}: There is already 'courseController' bean method
com.examly.springapp.controller.CourseController#createCourse(Course) mapped.

test_case9  Time elapsed: 0.001 s  <<< ERROR!
java.lang.IllegalStateException: Failed to load ApplicationContext
Caused by: org.springframework.beans.factory.BeanCreationException: 
Error creating bean with name 'requestMappingHandlerMapping' defined in class path resource [org/springframework/boot/autoconfigure/web/servlet/WebMvcAutoConfiguration$EnableWebMvcConfiguration.class]: Invocation of init method failed; nested exception is java.lang.IllegalStateException: Ambiguous mapping. Cannot map 'courseController1' method 
com.examly.springapp.controller.CourseController1#createCourse(Course1)
to {POST [/courses]}: There is already 'courseController' bean method
com.examly.springapp.controller.CourseController#createCourse(Course) mapped.
Caused by: java.lang.IllegalStateException: 
Ambiguous mapping. Cannot map 'courseController1' method 
com.examly.springapp.controller.CourseController1#createCourse(Course1)
to {POST [/courses]}: There is already 'courseController' bean method
com.examly.springapp.controller.CourseController#createCourse(Course) mapped.

